<?xml version="1.0" encoding="UTF-8"?>
<testng-results ignored="0" total="1" passed="1" failed="0" skipped="0">
  <reporter-output>
  </reporter-output>
  <suite started-at="2024-05-03T11:23:26 IST" name="Default suite" finished-at="2024-05-03T11:23:31 IST" duration-ms="4676">
    <groups>
    </groups>
    <test started-at="2024-05-03T11:23:26 IST" name="Default test" finished-at="2024-05-03T11:23:31 IST" duration-ms="4676">
      <class name="Testpages.LoginTestPage">
        <test-method is-config="true" signature="launchBrowser()[pri:0, instance:Testpages.LoginTestPage@5c6648b0]" started-at="2024-05-03T11:23:26 IST" name="launchBrowser" finished-at="2024-05-03T11:23:29 IST" duration-ms="3063" status="PASS">
          <reporter-output>
          </reporter-output>
        </test-method> <!-- launchBrowser -->
        <test-method signature="verifyLoginFunction()[pri:0, instance:Testpages.LoginTestPage@5c6648b0]" started-at="2024-05-03T11:23:29 IST" name="verifyLoginFunction" finished-at="2024-05-03T11:23:31 IST" duration-ms="1581" status="PASS">
          <reporter-output>
          </reporter-output>
        </test-method> <!-- verifyLoginFunction -->
      </class> <!-- Testpages.LoginTestPage -->
    </test> <!-- Default test -->
  </suite> <!-- Default suite -->
</testng-results>
